<?xml version="1.0" encoding="UTF-8"?>
<!-- Generated by org.testng.reporters.JUnitReportReporter -->
<testsuite hostname="MSI" failures="0" tests="1" name="com.guru99.testCases.TC002_CustomerCreationAndDeletionTest" time="3.891" errors="0" timestamp="2024-02-13T20:44:40 CST" skipped="0">
  <testcase classname="com.guru99.testCases.TC002_CustomerCreationAndDeletionTest" name="testCustomerCreationAndDeletion" time="3.891"/>
</testsuite> <!-- com.guru99.testCases.TC002_CustomerCreationAndDeletionTest -->
