<?xml version="1.0" encoding="UTF-8"?>
<!-- Generated by org.testng.reporters.JUnitReportReporter -->
<testsuite hostname="MSI" failures="0" tests="1" name="com.guru99.testCases.BaseTest" time="12.586" errors="0" timestamp="2024-02-08T08:39:12 CST" skipped="0">
  <testcase classname="com.guru99.testCases.BaseTest" name="setup" time="12.586"/>
  <system-out/>
</testsuite> <!-- com.guru99.testCases.BaseTest -->
