<?xml version="1.0" encoding="UTF-8"?>
<!-- Generated by org.testng.reporters.JUnitReportReporter -->
<testsuite hostname="MSI" failures="0" tests="1" name="com.guru99.testCases.TC001_LoginTest" time="0.909" errors="0" timestamp="2024-03-28T08:57:23 CDT" skipped="0">
  <testcase classname="com.guru99.testCases.TC001_LoginTest" name="validUserShouldBeAbleToLogin" time="0.909"/>
</testsuite> <!-- com.guru99.testCases.TC001_LoginTest -->
