<?xml version="1.0" encoding="UTF-8"?>
<!-- Generated by org.testng.reporters.JUnitReportReporter -->
<testsuite hostname="MSI" failures="0" tests="1" name="com.guru99.testCases.TC002_CustomerCreationAndDeletionTest" time="3.775" errors="0" timestamp="2024-03-28T08:57:23 CDT" skipped="0">
  <testcase classname="com.guru99.testCases.TC002_CustomerCreationAndDeletionTest" name="testCustomerCreationAndDeletion" time="3.775"/>
</testsuite> <!-- com.guru99.testCases.TC002_CustomerCreationAndDeletionTest -->
