<?xml version="1.0" encoding="UTF-8"?>
<!-- Generated by org.testng.reporters.JUnitReportReporter -->
<testsuite hostname="MSI" failures="0" tests="1" name="com.guru99.testCases.TC002_AddNewCustomerTest" time="3.330" errors="0" timestamp="2024-02-13T11:13:34 CST" skipped="0">
  <testcase classname="com.guru99.testCases.TC002_AddNewCustomerTest" name="addNewCustomer" time="3.330"/>
</testsuite> <!-- com.guru99.testCases.TC002_AddNewCustomerTest -->
