<?xml version="1.0" encoding="UTF-8"?>
<!-- Generated by org.testng.reporters.JUnitReportReporter -->
<testsuite hostname="MSI" failures="0" tests="1" name="com.guru99.testCases.TC002_CustomerCreationAndDeletionTest" time="4.448" errors="0" timestamp="2024-02-13T21:04:21 CST" skipped="0">
  <testcase classname="com.guru99.testCases.TC002_CustomerCreationAndDeletionTest" name="testCustomerCreationAndDeletion" time="4.448"/>
  <system-out/>
</testsuite> <!-- com.guru99.testCases.TC002_CustomerCreationAndDeletionTest -->
